C:\USERS\BRITTANY\DOCUMENTS\VISUAL STUDIO 2010\PROJECTS\3D MESH\DEBUG\LINE.EXE
C:\USERS\BRITTANY\DOCUMENTS\VISUAL STUDIO 2010\PROJECTS\3D MESH\DEBUG\LINE.ILK
C:\USERS\BRITTANY\DOCUMENTS\VISUAL STUDIO 2010\PROJECTS\3D MESH\DEBUG\LINE.PDB
c:\Users\Brittany\documents\visual studio 2010\Projects\3d mesh\line\Debug\cl.command.1.tlog
c:\Users\Brittany\documents\visual studio 2010\Projects\3d mesh\line\Debug\CL.read.1.tlog
c:\Users\Brittany\documents\visual studio 2010\Projects\3d mesh\line\Debug\CL.write.1.tlog
C:\USERS\BRITTANY\DOCUMENTS\VISUAL STUDIO 2010\PROJECTS\3D MESH\LINE\DEBUG\LINE.EXE.EMBED.MANIFEST
C:\USERS\BRITTANY\DOCUMENTS\VISUAL STUDIO 2010\PROJECTS\3D MESH\LINE\DEBUG\LINE.EXE.EMBED.MANIFEST.RES
C:\USERS\BRITTANY\DOCUMENTS\VISUAL STUDIO 2010\PROJECTS\3D MESH\LINE\DEBUG\LINE.EXE.INTERMEDIATE.MANIFEST
C:\USERS\BRITTANY\DOCUMENTS\VISUAL STUDIO 2010\PROJECTS\3D MESH\LINE\DEBUG\LINE.OBJ
c:\Users\Brittany\documents\visual studio 2010\Projects\3d mesh\line\Debug\line.write.1.tlog
c:\Users\Brittany\documents\visual studio 2010\Projects\3d mesh\line\Debug\line_manifest.rc
c:\Users\Brittany\documents\visual studio 2010\Projects\3d mesh\line\Debug\link.command.1.tlog
c:\Users\Brittany\documents\visual studio 2010\Projects\3d mesh\line\Debug\link.read.1.tlog
c:\Users\Brittany\documents\visual studio 2010\Projects\3d mesh\line\Debug\link.write.1.tlog
c:\Users\Brittany\documents\visual studio 2010\Projects\3d mesh\line\Debug\link-cvtres.read.1.tlog
c:\Users\Brittany\documents\visual studio 2010\Projects\3d mesh\line\Debug\link-cvtres.write.1.tlog
c:\Users\Brittany\documents\visual studio 2010\Projects\3d mesh\line\Debug\mt.command.1.tlog
c:\Users\Brittany\documents\visual studio 2010\Projects\3d mesh\line\Debug\mt.read.1.tlog
c:\Users\Brittany\documents\visual studio 2010\Projects\3d mesh\line\Debug\mt.write.1.tlog
c:\Users\Brittany\documents\visual studio 2010\Projects\3d mesh\line\Debug\rc.command.1.tlog
c:\Users\Brittany\documents\visual studio 2010\Projects\3d mesh\line\Debug\rc.read.1.tlog
c:\Users\Brittany\documents\visual studio 2010\Projects\3d mesh\line\Debug\rc.write.1.tlog
c:\Users\Brittany\documents\visual studio 2010\Projects\3d mesh\line\Debug\vc100.idb
C:\USERS\BRITTANY\DOCUMENTS\VISUAL STUDIO 2010\PROJECTS\3D MESH\LINE\DEBUG\VC100.PDB
