Build started 8/11/2014 2:30:19 PM.
     1>Project "C:\Users\Brittany\Documents\Visual Studio 2010\Projects\3d mesh\line\line.vcxproj" on node 2 (build target(s)).
     1>InitializeBuildStatus:
         Creating "Debug\line.unsuccessfulbuild" because "AlwaysCreate" was specified.
       ClCompile:
         C:\Program Files (x86)\Microsoft Visual Studio 10.0\VC\bin\CL.exe /c /ZI /nologo /W3 /WX- /Od /Oy- /D WIN32 /D _DEBUG /D _CONSOLE /D _UNICODE /D UNICODE /Gm /EHsc /RTC1 /MDd /GS /fp:precise /Zc:wchar_t /Zc:forScope /Fo"Debug\\" /Fd"Debug\vc100.pdb" /Gd /TP /analyze- /errorReport:prompt line.cpp
         line.cpp
       ManifestResourceCompile:
         All outputs are up-to-date.
       Link:
         C:\Program Files (x86)\Microsoft Visual Studio 10.0\VC\bin\link.exe /ERRORREPORT:PROMPT /OUT:"C:\Users\Brittany\Documents\Visual Studio 2010\Projects\3d mesh\Debug\line.exe" /INCREMENTAL /NOLOGO kernel32.lib user32.lib gdi32.lib winspool.lib comdlg32.lib advapi32.lib shell32.lib ole32.lib oleaut32.lib uuid.lib odbc32.lib odbccp32.lib /MANIFEST /ManifestFile:"Debug\line.exe.intermediate.manifest" /MANIFESTUAC:"level='asInvoker' uiAccess='false'" /DEBUG /PDB:"C:\Users\Brittany\Documents\Visual Studio 2010\Projects\3d mesh\Debug\line.pdb" /SUBSYSTEM:CONSOLE /TLBID:1 /DYNAMICBASE /NXCOMPAT /IMPLIB:"C:\Users\Brittany\Documents\Visual Studio 2010\Projects\3d mesh\Debug\line.lib" /MACHINE:X86 Debug\line.exe.embed.manifest.res
         Debug\line.obj
       Manifest:
         C:\Program Files (x86)\Microsoft SDKs\Windows\v7.0A\bin\mt.exe /nologo /verbose /out:"Debug\line.exe.embed.manifest" /manifest Debug\line.exe.intermediate.manifest
         All outputs are up-to-date.
       LinkEmbedManifest:
         All outputs are up-to-date.
         line.vcxproj -> C:\Users\Brittany\Documents\Visual Studio 2010\Projects\3d mesh\Debug\line.exe
       FinalizeBuildStatus:
         Deleting file "Debug\line.unsuccessfulbuild".
         Touching "Debug\line.lastbuildstate".
     1>Done Building Project "C:\Users\Brittany\Documents\Visual Studio 2010\Projects\3d mesh\line\line.vcxproj" (build target(s)).

Build succeeded.

Time Elapsed 00:00:02.04
