C:\USERS\BRITTANY\DOCUMENTS\VISUAL STUDIO 2010\PROJECTS\3D MESH\DEBUG\EXAMPLE.EXE
C:\USERS\BRITTANY\DOCUMENTS\VISUAL STUDIO 2010\PROJECTS\3D MESH\DEBUG\EXAMPLE.ILK
C:\USERS\BRITTANY\DOCUMENTS\VISUAL STUDIO 2010\PROJECTS\3D MESH\DEBUG\EXAMPLE.PDB
C:\Users\Brittany\Documents\Visual Studio 2010\Projects\3d mesh\example\Debug\cl.command.1.tlog
C:\Users\Brittany\Documents\Visual Studio 2010\Projects\3d mesh\example\Debug\CL.read.1.tlog
C:\Users\Brittany\Documents\Visual Studio 2010\Projects\3d mesh\example\Debug\CL.write.1.tlog
C:\USERS\BRITTANY\DOCUMENTS\VISUAL STUDIO 2010\PROJECTS\3D MESH\EXAMPLE\DEBUG\EXAMPLE.EXE.EMBED.MANIFEST
C:\USERS\BRITTANY\DOCUMENTS\VISUAL STUDIO 2010\PROJECTS\3D MESH\EXAMPLE\DEBUG\EXAMPLE.EXE.EMBED.MANIFEST.RES
C:\USERS\BRITTANY\DOCUMENTS\VISUAL STUDIO 2010\PROJECTS\3D MESH\EXAMPLE\DEBUG\EXAMPLE.EXE.INTERMEDIATE.MANIFEST
C:\Users\Brittany\Documents\Visual Studio 2010\Projects\3d mesh\example\Debug\example.vcxprojResolveAssemblyReference.cache
C:\Users\Brittany\Documents\Visual Studio 2010\Projects\3d mesh\example\Debug\example.write.1.tlog
C:\Users\Brittany\Documents\Visual Studio 2010\Projects\3d mesh\example\Debug\example_manifest.rc
C:\Users\Brittany\Documents\Visual Studio 2010\Projects\3d mesh\example\Debug\link.20060.read.1.tlog
C:\Users\Brittany\Documents\Visual Studio 2010\Projects\3d mesh\example\Debug\link.20060.write.1.tlog
C:\Users\Brittany\Documents\Visual Studio 2010\Projects\3d mesh\example\Debug\link.20060-cvtres.read.1.tlog
C:\Users\Brittany\Documents\Visual Studio 2010\Projects\3d mesh\example\Debug\link.20060-cvtres.write.1.tlog
C:\Users\Brittany\Documents\Visual Studio 2010\Projects\3d mesh\example\Debug\link.2916.read.1.tlog
C:\Users\Brittany\Documents\Visual Studio 2010\Projects\3d mesh\example\Debug\link.2916.write.1.tlog
C:\Users\Brittany\Documents\Visual Studio 2010\Projects\3d mesh\example\Debug\link.2916-cvtres.read.1.tlog
C:\Users\Brittany\Documents\Visual Studio 2010\Projects\3d mesh\example\Debug\link.2916-cvtres.write.1.tlog
C:\Users\Brittany\Documents\Visual Studio 2010\Projects\3d mesh\example\Debug\link.command.1.tlog
C:\Users\Brittany\Documents\Visual Studio 2010\Projects\3d mesh\example\Debug\link.read.1.tlog
C:\Users\Brittany\Documents\Visual Studio 2010\Projects\3d mesh\example\Debug\link.write.1.tlog
C:\Users\Brittany\Documents\Visual Studio 2010\Projects\3d mesh\example\Debug\link-cvtres.read.1.tlog
C:\Users\Brittany\Documents\Visual Studio 2010\Projects\3d mesh\example\Debug\link-cvtres.write.1.tlog
C:\USERS\BRITTANY\DOCUMENTS\VISUAL STUDIO 2010\PROJECTS\3D MESH\EXAMPLE\DEBUG\MM.OBJ
C:\Users\Brittany\Documents\Visual Studio 2010\Projects\3d mesh\example\Debug\mt.command.1.tlog
C:\Users\Brittany\Documents\Visual Studio 2010\Projects\3d mesh\example\Debug\mt.read.1.tlog
C:\Users\Brittany\Documents\Visual Studio 2010\Projects\3d mesh\example\Debug\mt.write.1.tlog
C:\Users\Brittany\Documents\Visual Studio 2010\Projects\3d mesh\example\Debug\rc.command.1.tlog
C:\Users\Brittany\Documents\Visual Studio 2010\Projects\3d mesh\example\Debug\rc.read.1.tlog
C:\Users\Brittany\Documents\Visual Studio 2010\Projects\3d mesh\example\Debug\rc.write.1.tlog
C:\Users\Brittany\Documents\Visual Studio 2010\Projects\3d mesh\example\Debug\vc100.idb
C:\USERS\BRITTANY\DOCUMENTS\VISUAL STUDIO 2010\PROJECTS\3D MESH\EXAMPLE\DEBUG\VC100.PDB
