Build started 11/11/2014 5:56:40 PM.
     1>Project "C:\Users\Brittany\Documents\Visual Studio 2010\Projects\3d mesh\example\example.vcxproj" on node 2 (rebuild target(s)).
     1>_PrepareForClean:
         Deleting file "Debug\example.lastbuildstate".
       InitializeBuildStatus:
         Creating "Debug\example.unsuccessfulbuild" because "AlwaysCreate" was specified.
       ClCompile:
         C:\Program Files (x86)\Microsoft Visual Studio 10.0\VC\bin\CL.exe /c /ZI /nologo /W3 /WX- /Od /Oy- /D WIN32 /D _DEBUG /D _CONSOLE /Gm /EHsc /RTC1 /MDd /GS /fp:precise /Zc:wchar_t /Zc:forScope /Fo"Debug\\" /Fd"Debug\vc100.pdb" /Gd /TP /analyze- /errorReport:prompt mm.cpp
         mm.cpp
     1>c:\users\brittany\documents\visual studio 2010\projects\3d mesh\example\mm.cpp(107): warning C4129: 'B' : unrecognized character escape sequence
     1>c:\users\brittany\documents\visual studio 2010\projects\3d mesh\example\mm.cpp(107): warning C4129: 'D' : unrecognized character escape sequence
     1>c:\users\brittany\documents\visual studio 2010\projects\3d mesh\example\mm.cpp(107): warning C4129: 'V' : unrecognized character escape sequence
     1>c:\users\brittany\documents\visual studio 2010\projects\3d mesh\example\mm.cpp(107): warning C4129: 'P' : unrecognized character escape sequence
     1>c:\users\brittany\documents\visual studio 2010\projects\3d mesh\example\mm.cpp(107): warning C4129: 'm' : unrecognized character escape sequence
     1>c:\users\brittany\documents\visual studio 2010\projects\3d mesh\example\mm.cpp(107): warning C4996: 'fopen': This function or variable may be unsafe. Consider using fopen_s instead. To disable deprecation, use _CRT_SECURE_NO_WARNINGS. See online help for details.
                 c:\program files (x86)\microsoft visual studio 10.0\vc\include\stdio.h(234) : see declaration of 'fopen'
       ManifestResourceCompile:
         C:\Program Files (x86)\Microsoft SDKs\Windows\v7.0A\bin\rc.exe /nologo /fo"Debug\example.exe.embed.manifest.res" Debug\example_manifest.rc 
       Link:
         C:\Program Files (x86)\Microsoft Visual Studio 10.0\VC\bin\link.exe /ERRORREPORT:PROMPT /OUT:"C:\Users\Brittany\Documents\Visual Studio 2010\Projects\3d mesh\Debug\example.exe" /INCREMENTAL /NOLOGO /LIBPATH:"C:\Program Files (x86)\Microsoft Visual Studio 10.0\VC\lib" kernel32.lib user32.lib gdi32.lib winspool.lib comdlg32.lib advapi32.lib shell32.lib ole32.lib oleaut32.lib uuid.lib odbc32.lib odbccp32.lib /MANIFEST /ManifestFile:"Debug\example.exe.intermediate.manifest" /MANIFESTUAC:"level='asInvoker' uiAccess='false'" /DEBUG /PDB:"C:\Users\Brittany\Documents\Visual Studio 2010\Projects\3d mesh\Debug\example.pdb" /SUBSYSTEM:CONSOLE /TLBID:1 /DYNAMICBASE /NXCOMPAT /IMPLIB:"C:\Users\Brittany\Documents\Visual Studio 2010\Projects\3d mesh\Debug\example.lib" /MACHINE:X86 Debug\example.exe.embed.manifest.res
         Debug\mm.obj
       Manifest:
         Deleting file "Debug\example.exe.embed.manifest".
         C:\Program Files (x86)\Microsoft SDKs\Windows\v7.0A\bin\mt.exe /nologo /verbose /out:"Debug\example.exe.embed.manifest" /manifest Debug\example.exe.intermediate.manifest
         C:\Program Files (x86)\Microsoft SDKs\Windows\v7.0A\bin\rc.exe /nologo /fo"Debug\example.exe.embed.manifest.res" Debug\example_manifest.rc 
       LinkEmbedManifest:
         C:\Program Files (x86)\Microsoft Visual Studio 10.0\VC\bin\link.exe /ERRORREPORT:PROMPT /OUT:"C:\Users\Brittany\Documents\Visual Studio 2010\Projects\3d mesh\Debug\example.exe" /INCREMENTAL /NOLOGO /LIBPATH:"C:\Program Files (x86)\Microsoft Visual Studio 10.0\VC\lib" kernel32.lib user32.lib gdi32.lib winspool.lib comdlg32.lib advapi32.lib shell32.lib ole32.lib oleaut32.lib uuid.lib odbc32.lib odbccp32.lib /MANIFEST /ManifestFile:"Debug\example.exe.intermediate.manifest" /MANIFESTUAC:"level='asInvoker' uiAccess='false'" /DEBUG /PDB:"C:\Users\Brittany\Documents\Visual Studio 2010\Projects\3d mesh\Debug\example.pdb" /SUBSYSTEM:CONSOLE /TLBID:1 /DYNAMICBASE /NXCOMPAT /IMPLIB:"C:\Users\Brittany\Documents\Visual Studio 2010\Projects\3d mesh\Debug\example.lib" /MACHINE:X86 Debug\example.exe.embed.manifest.res
         Debug\mm.obj
         example.vcxproj -> C:\Users\Brittany\Documents\Visual Studio 2010\Projects\3d mesh\Debug\example.exe
       FinalizeBuildStatus:
         Deleting file "Debug\example.unsuccessfulbuild".
         Touching "Debug\example.lastbuildstate".
     1>Done Building Project "C:\Users\Brittany\Documents\Visual Studio 2010\Projects\3d mesh\example\example.vcxproj" (rebuild target(s)).

Build succeeded.

Time Elapsed 00:00:02.30
