Build started 14/11/2014 11:30:11 PM.
     1>Project "C:\Users\Brittany\documents\visual studio 2010\Projects\3d mesh\3d mesh\3d mesh.vcxproj" on node 2 (build target(s)).
     1>InitializeBuildStatus:
         Touching "Debug\3d mesh.unsuccessfulbuild".
       ClCompile:
         C:\Program Files (x86)\Microsoft Visual Studio 10.0\VC\bin\CL.exe /c /ZI /nologo /W3 /WX- /Od /Oy- /D WIN32 /D _DEBUG /D _CONSOLE /Gm /EHsc /RTC1 /MDd /GS /fp:precise /Zc:wchar_t /Zc:forScope /Fo"Debug\\" /Fd"Debug\vc100.pdb" /Gd /TP /analyze- /errorReport:prompt mesh.cpp
         mesh.cpp
     1>c:\users\brittany\documents\visual studio 2010\projects\3d mesh\3d mesh\mesh.cpp(67): warning C4091: 'typedef ' : ignored on left of 'HE_face' when no variable is declared
     1>c:\users\brittany\documents\visual studio 2010\projects\3d mesh\3d mesh\mesh.cpp(68): warning C4091: 'typedef ' : ignored on left of 'HE_vertex' when no variable is declared
     1>c:\users\brittany\documents\visual studio 2010\projects\3d mesh\3d mesh\mesh.cpp(69): warning C4091: 'typedef ' : ignored on left of 'HE_edge' when no variable is declared
     1>c:\users\brittany\documents\visual studio 2010\projects\3d mesh\3d mesh\mesh.cpp(323): warning C4996: 'fopen': This function or variable may be unsafe. Consider using fopen_s instead. To disable deprecation, use _CRT_SECURE_NO_WARNINGS. See online help for details.
                 c:\program files (x86)\microsoft visual studio 10.0\vc\include\stdio.h(234) : see declaration of 'fopen'
     1>c:\users\brittany\documents\visual studio 2010\projects\3d mesh\3d mesh\mesh.cpp(331): warning C4996: 'fscanf': This function or variable may be unsafe. Consider using fscanf_s instead. To disable deprecation, use _CRT_SECURE_NO_WARNINGS. See online help for details.
                 c:\program files (x86)\microsoft visual studio 10.0\vc\include\stdio.h(253) : see declaration of 'fscanf'
     1>c:\users\brittany\documents\visual studio 2010\projects\3d mesh\3d mesh\mesh.cpp(337): warning C4996: 'fscanf': This function or variable may be unsafe. Consider using fscanf_s instead. To disable deprecation, use _CRT_SECURE_NO_WARNINGS. See online help for details.
                 c:\program files (x86)\microsoft visual studio 10.0\vc\include\stdio.h(253) : see declaration of 'fscanf'
     1>c:\users\brittany\documents\visual studio 2010\projects\3d mesh\3d mesh\mesh.cpp(606): warning C4390: ';' : empty controlled statement found; is this the intent?
     1>c:\users\brittany\documents\visual studio 2010\projects\3d mesh\3d mesh\mesh.cpp(612): warning C4390: ';' : empty controlled statement found; is this the intent?
       ManifestResourceCompile:
         All outputs are up-to-date.
       Link:
         C:\Program Files (x86)\Microsoft Visual Studio 10.0\VC\bin\link.exe /ERRORREPORT:PROMPT /OUT:"C:\Users\Brittany\documents\visual studio 2010\Projects\3d mesh\Debug\3d mesh.exe" /INCREMENTAL /NOLOGO /LIBPATH:"C:\Program Files (x86)\Microsoft Visual Studio 10.0\VC\lib" kernel32.lib user32.lib gdi32.lib winspool.lib comdlg32.lib advapi32.lib shell32.lib ole32.lib oleaut32.lib uuid.lib odbc32.lib odbccp32.lib /MANIFEST /ManifestFile:"Debug\3d mesh.exe.intermediate.manifest" /MANIFESTUAC:"level='asInvoker' uiAccess='false'" /DEBUG /PDB:"C:\Users\Brittany\documents\visual studio 2010\Projects\3d mesh\Debug\3d mesh.pdb" /SUBSYSTEM:CONSOLE /TLBID:1 /DYNAMICBASE /NXCOMPAT /IMPLIB:"C:\Users\Brittany\documents\visual studio 2010\Projects\3d mesh\Debug\3d mesh.lib" /MACHINE:X86 "Debug\3d mesh.exe.embed.manifest.res"
         Debug\mesh.obj
       Manifest:
         C:\Program Files (x86)\Microsoft SDKs\Windows\v7.0A\bin\mt.exe /nologo /verbose /out:"Debug\3d mesh.exe.embed.manifest" /manifest "Debug\3d mesh.exe.intermediate.manifest"
         All outputs are up-to-date.
       LinkEmbedManifest:
         All outputs are up-to-date.
         3d mesh.vcxproj -> C:\Users\Brittany\documents\visual studio 2010\Projects\3d mesh\Debug\3d mesh.exe
       FinalizeBuildStatus:
         Deleting file "Debug\3d mesh.unsuccessfulbuild".
         Touching "Debug\3d mesh.lastbuildstate".
     1>Done Building Project "C:\Users\Brittany\documents\visual studio 2010\Projects\3d mesh\3d mesh\3d mesh.vcxproj" (build target(s)).

Build succeeded.

Time Elapsed 00:00:02.47
